Using pre-set license
Built from '2022.3/staging' branch; Version is '2022.3.55f1 (9f374180d209) revision 10434369'; Using compiler version '192829333'; Build Type 'Release'
OS: 'Windows 11  (10.0.22631) 64bit ProfessionalWorkstation' Language: 'fr' Physical Memory: 65183 MB
BatchMode: 1, IsHumanControllingUs: 0, StartBugReporterOnCrash: 0, Is64bit: 1, IsPro: 1

COMMAND LINE ARGUMENTS:
C:\Program Files\Unity\Hub\Editor\2022.3.55f1\Editor\Unity.exe
-adb2
-batchMode
-noUpm
-name
AssetImportWorker13
-projectPath
D:/Users/Student/Documents/Nkaidomar/MRTKproject
-logFile
Logs/AssetImportWorker13.log
-srvPort
55469
Successfully changed project path to: D:/Users/Student/Documents/Nkaidomar/MRTKproject
D:/Users/Student/Documents/Nkaidomar/MRTKproject
[UnityMemory] Configuration Parameters - Can be set up in boot.config
    "memorysetup-bucket-allocator-granularity=16"
    "memorysetup-bucket-allocator-bucket-count=8"
    "memorysetup-bucket-allocator-block-size=33554432"
    "memorysetup-bucket-allocator-block-count=8"
    "memorysetup-main-allocator-block-size=16777216"
    "memorysetup-thread-allocator-block-size=16777216"
    "memorysetup-gfx-main-allocator-block-size=16777216"
    "memorysetup-gfx-thread-allocator-block-size=16777216"
    "memorysetup-cache-allocator-block-size=4194304"
    "memorysetup-typetree-allocator-block-size=2097152"
    "memorysetup-profiler-bucket-allocator-granularity=16"
    "memorysetup-profiler-bucket-allocator-bucket-count=8"
    "memorysetup-profiler-bucket-allocator-block-size=33554432"
    "memorysetup-profiler-bucket-allocator-block-count=8"
    "memorysetup-profiler-allocator-block-size=16777216"
    "memorysetup-profiler-editor-allocator-block-size=1048576"
    "memorysetup-temp-allocator-size-main=16777216"
    "memorysetup-job-temp-allocator-block-size=2097152"
    "memorysetup-job-temp-allocator-block-size-background=1048576"
    "memorysetup-job-temp-allocator-reduction-small-platforms=262144"
    "memorysetup-allocator-temp-initial-block-size-main=262144"
    "memorysetup-allocator-temp-initial-block-size-worker=262144"
    "memorysetup-temp-allocator-size-background-worker=32768"
    "memorysetup-temp-allocator-size-job-worker=262144"
    "memorysetup-temp-allocator-size-preload-manager=33554432"
    "memorysetup-temp-allocator-size-nav-mesh-worker=65536"
    "memorysetup-temp-allocator-size-audio-worker=65536"
    "memorysetup-temp-allocator-size-cloud-worker=32768"
    "memorysetup-temp-allocator-size-gi-baking-worker=262144"
    "memorysetup-temp-allocator-size-gfx=262144"
Player connection [7684]  Target information:

Player connection [7684]  * "[IP] 157.159.93.77 [Port] 0 [Flags] 2 [Guid] 3930635453 [EditorId] 3930635453 [Version] 1048832 [Id] WindowsEditor(7,PAT16337) [Debug] 1 [PackageName] WindowsEditor [ProjectName] Editor" 

Player connection [7684]  * "[IP] 192.168.56.1 [Port] 0 [Flags] 2 [Guid] 3930635453 [EditorId] 3930635453 [Version] 1048832 [Id] WindowsEditor(7,PAT16337) [Debug] 1 [PackageName] WindowsEditor [ProjectName] Editor" 

Player connection [7684] Host joined multi-casting on [225.0.0.222:54997]...
Player connection [7684] Host joined alternative multi-casting on [225.0.0.222:34997]...
[PhysX] Initialized MultithreadedTaskDispatcher with 40 workers.
Refreshing native plugins compatible for Editor in 28.23 ms, found 17 plugins.
Preloading 0 native plugins for Editor in 0.00 ms.
Initialize engine version: 2022.3.55f1 (9f374180d209)
[Subsystems] Discovering subsystems at path C:/Program Files/Unity/Hub/Editor/2022.3.55f1/Editor/Data/Resources/UnitySubsystems
[Subsystems] Discovering subsystems at path D:/Users/Student/Documents/Nkaidomar/MRTKproject/Assets
GfxDevice: creating device client; threaded=0; jobified=0
Direct3D:
    Version:  Direct3D 11.0 [level 11.1]
    Renderer: NVIDIA GeForce RTX 3080 (ID=0x2216)
    Vendor:   NVIDIA
    VRAM:     10053 MB
    Driver:   32.0.15.6614
Initialize mono
Mono path[0] = 'C:/Program Files/Unity/Hub/Editor/2022.3.55f1/Editor/Data/Managed'
Mono path[1] = 'C:/Program Files/Unity/Hub/Editor/2022.3.55f1/Editor/Data/MonoBleedingEdge/lib/mono/unityjit-win32'
Mono config path = 'C:/Program Files/Unity/Hub/Editor/2022.3.55f1/Editor/Data/MonoBleedingEdge/etc'
Using monoOptions --debugger-agent=transport=dt_socket,embedding=1,server=y,suspend=n,address=127.0.0.1:56836
Begin MonoManager ReloadAssembly
Registering precompiled unity dll's ...
Register platform support module: C:/Program Files/Unity/Hub/Editor/2022.3.55f1/Editor/Data/PlaybackEngines/WindowsStandaloneSupport/UnityEditor.WindowsStandalone.Extensions.dll
Register platform support module: C:/Program Files/Unity/Hub/Editor/2022.3.55f1/Editor/Data/PlaybackEngines/MetroSupport/UnityEditor.UWP.Extensions.dll
Registered in 0.011649 seconds.
- Loaded All Assemblies, in  0.579 seconds
Native extension for UWP target not found
Native extension for WindowsStandalone target not found
Mono: successfully reloaded assembly
- Finished resetting the current domain, in  0.416 seconds
Domain Reload Profiling: 994ms
	BeginReloadAssembly (162ms)
		ExecutionOrderSort (0ms)
		DisableScriptedObjects (0ms)
		BackupInstance (0ms)
		ReleaseScriptingObjects (0ms)
		CreateAndSetChildDomain (1ms)
	RebuildCommonClasses (60ms)
	RebuildNativeTypeToScriptingClass (16ms)
	initialDomainReloadingComplete (86ms)
	LoadAllAssembliesAndSetupDomain (253ms)
		LoadAssemblies (158ms)
		RebuildTransferFunctionScriptingTraits (0ms)
		AnalyzeDomain (249ms)
			TypeCache.Refresh (247ms)
				TypeCache.ScanAssembly (223ms)
			ScanForSourceGeneratedMonoScriptInfo (1ms)
			ResolveRequiredComponents (1ms)
	FinalizeReload (417ms)
		ReleaseScriptCaches (0ms)
		RebuildScriptCaches (0ms)
		SetupLoadedEditorAssemblies (342ms)
			LogAssemblyErrors (0ms)
			InitializePlatformSupportModulesInManaged (18ms)
			SetLoadedEditorAssemblies (9ms)
			RefreshPlugins (0ms)
			BeforeProcessingInitializeOnLoad (3ms)
			ProcessInitializeOnLoadAttributes (241ms)
			ProcessInitializeOnLoadMethodAttributes (72ms)
			AfterProcessingInitializeOnLoad (0ms)
			EditorAssembliesLoaded (0ms)
		ExecutionOrderSort2 (0ms)
		AwakeInstancesAfterBackupRestoration (0ms)
========================================================================
Worker process is ready to serve import requests
Caller must complete domain reload
Begin MonoManager ReloadAssembly
- Loaded All Assemblies, in  1.678 seconds
Native extension for UWP target not found
Native extension for WindowsStandalone target not found
Package Manager log level set to [2]
[Package Manager] Server::EnsureServerProcessIsRunning -- launch failed, reason: Unity was launched with the -noUpm command-line argument
[Package Manager] UpmClient::Send -- Unable to send message (not connected to UPM process).
[Package Manager] Cannot connect to Unity Package Manager local server
Mono: successfully reloaded assembly
[Package Manager] Server::EnsureServerProcessIsRunning -- launch failed, reason: Unity was launched with the -noUpm command-line argument
[Package Manager] UpmClient::Send -- Unable to send message (not connected to UPM process).
[Package Manager] Cannot connect to Unity Package Manager local server
[Package Manager] Server::EnsureServerProcessIsRunning -- launch failed, reason: Unity was launched with the -noUpm command-line argument
[Package Manager] UpmClient::Send -- Unable to send message (not connected to UPM process).
[Package Manager] Cannot connect to Unity Package Manager local server
- Finished resetting the current domain, in  1.501 seconds
Domain Reload Profiling: 3176ms
	BeginReloadAssembly (246ms)
		ExecutionOrderSort (0ms)
		DisableScriptedObjects (8ms)
		BackupInstance (0ms)
		ReleaseScriptingObjects (0ms)
		CreateAndSetChildDomain (43ms)
	RebuildCommonClasses (55ms)
	RebuildNativeTypeToScriptingClass (16ms)
	initialDomainReloadingComplete (65ms)
	LoadAllAssembliesAndSetupDomain (1293ms)
		LoadAssemblies (696ms)
		RebuildTransferFunctionScriptingTraits (0ms)
		AnalyzeDomain (735ms)
			TypeCache.Refresh (593ms)
				TypeCache.ScanAssembly (533ms)
			ScanForSourceGeneratedMonoScriptInfo (95ms)
			ResolveRequiredComponents (42ms)
	FinalizeReload (1502ms)
		ReleaseScriptCaches (0ms)
		RebuildScriptCaches (0ms)
		SetupLoadedEditorAssemblies (1119ms)
			LogAssemblyErrors (0ms)
			InitializePlatformSupportModulesInManaged (12ms)
			SetLoadedEditorAssemblies (10ms)
			RefreshPlugins (0ms)
			BeforeProcessingInitializeOnLoad (189ms)
			ProcessInitializeOnLoadAttributes (702ms)
			ProcessInitializeOnLoadMethodAttributes (194ms)
			AfterProcessingInitializeOnLoad (10ms)
			EditorAssembliesLoaded (1ms)
		ExecutionOrderSort2 (0ms)
		AwakeInstancesAfterBackupRestoration (12ms)
Launched and connected shader compiler UnityShaderCompiler.exe after 0.05 seconds
Refreshing native plugins compatible for Editor in 30.73 ms, found 17 plugins.
Preloading 0 native plugins for Editor in 0.00 ms.
Unloading 7649 Unused Serialized files (Serialized files now loaded: 0)
Unloading 122 unused Assets / (4.0 MB). Loaded Objects now: 8082.
Memory consumption went from 287.6 MB to 283.6 MB.
Total: 18.739300 ms (FindLiveObjects: 1.835200 ms CreateObjectMapping: 1.340000 ms MarkObjects: 11.986000 ms  DeleteObjects: 3.576100 ms)

AssetImportParameters requested are different than current active one (requested -> active):
  custom:container-demuxer-ogg: 62fdf1f143b41e24485cea50d1cbac27 -> 
  custom:scripting/monoscript/fileName/move.cs: 121b68ccfe6d02c4399c017d8a811323 -> 7c0f557a2ae3f1ce83d325216f3cc588
  custom:framework-win-MediaFoundation: 216162199b28c13a410421893ffa2e32 -> 
  custom:scripting/monoscript/fileName/scores.cs: 8d090ca03901ccb75ce3e481a176e711 -> 83dbbe261889b21ae5c4bdc452a5c269
  custom:scripting/monoscript/fileName/disp1b.cs: ed8ca75dceab7f1eba01929a9f54958c -> 2ab7dac7e849a1deddeabd9b943a175c
  custom:container-muxer-webm: aa71ff27fc2769a1b78a27578f13a17b -> 
  custom:video-decoder-webm-vp8: 9c59270c3fd7afecdb556c50c9e8de78 -> 
  custom:SearchIndexIgnoredProperties: e643bd26f0fe6173181afceb89e7c659 -> 
  custom:AudioImporter_EditorPlatform: d09bf68614088b80899f8185d706f6e7 -> 
  custom:scripting/monoscript/fileName/disp.cs: 25a171893c12fc800ae198c4524ac52f -> 2a41e184c7037b7026e47bd61770b697
  custom:audio-decoder-ogg-vorbis: bf7c407c2cedff20999df2af8eb42d56 -> 
  custom:audio-encoder-webm-vorbis: bf7c407c2cedff20999df2af8eb42d56 -> 
  custom:scripting/monoscript/fileName/win.cs: 8a4cfd0385c784b2c8edcdc10f145ae3 -> 3c634dff2915517022f60480d3bc95fc
  custom:video-codec-MediaFoundation-h265: 746d11721c4dcdbdad8f713fa42b33f4 -> 
  custom:scripting/monoscript/fileName/button.cs: d2ac04e06054b6b270e6094ec1287429 -> c8ddaf2c1b8226c7b98205e47a5cfb21
  custom:video-decoder-ogg-theora: a1e56fd34408186e4bbccfd4996cb3dc -> 
  custom:CustomObjectIndexerAttribute: 3ead1caaecf1c488f20bcfeb224b6af5 -> 
  custom:container-demuxer-webm: 4f35f7cbe854078d1ac9338744f61a02 -> 
  custom:scripting/monoscript/fileName/win1.cs: d6883c713f87151b9e01c1d2a794ce83 -> 63508499c1b7238b5760cf99c1ca5900
  custom:scripting/monoscript/fileName/button1.cs: df1dda8d95e91ed6e976b6183f526cd3 -> ca7082d4221ad6d9b6ce3cb6c04cd382
  custom:video-encoder-webm-vp8: eb34c28f22e8b96e1ab97ce403110664 -> 
  custom:scripting/monoscript/fileName/scores1B.cs: 95eebb3a1b3e81fdeb74ccbcfc849bc3 -> ef93d9e6506cf15985ae536dd6e64e71
  custom:scripting/monoscript/fileName/movebike.cs: cd0e87a84255ff854721dc050683337c -> 6e02d77cd9700d0614ea74a6f6bf6a1d
========================================================================
Received Import Request.
  Time since last request: 337366.537848 seconds.
  path: Assets/SimplePoly City - Low Poly Assets/Models/Props_Dustbin.fbx
  artifactKey: Guid(8b615931481e47849972f85e029c22cf) Importer(815301076,1909f56bfc062723c751e8b465ee728b)
Start importing Assets/SimplePoly City - Low Poly Assets/Models/Props_Dustbin.fbx using Guid(8b615931481e47849972f85e029c22cf) Importer(815301076,1909f56bfc062723c751e8b465ee728b) [PhysX] Initialized MultithreadedTaskDispatcher with 40 workers.
[PhysX] Initialized MultithreadedTaskDispatcher with 40 workers.
[PhysX] Initialized MultithreadedTaskDispatcher with 40 workers.
 -> (artifact id: '522d9335e2f2310cf864cb0b7a8d9d06') in 0.188298 seconds
Number of updated asset objects reloaded before import = 0
Number of asset objects unloaded after import = 9
========================================================================
Received Import Request.
  Time since last request: 9.032138 seconds.
  path: Assets/SimplePoly City - Low Poly Assets/Prefab/Buildings/Building_Gift Shop.prefab
  artifactKey: Guid(9ccda285cd5f1ce4fa00133b50ba5cbc) Importer(815301076,1909f56bfc062723c751e8b465ee728b)
Start importing Assets/SimplePoly City - Low Poly Assets/Prefab/Buildings/Building_Gift Shop.prefab using Guid(9ccda285cd5f1ce4fa00133b50ba5cbc) Importer(815301076,1909f56bfc062723c751e8b465ee728b) [PhysX] Initialized MultithreadedTaskDispatcher with 40 workers.
[PhysX] Initialized MultithreadedTaskDispatcher with 40 workers.
 -> (artifact id: '7db4b6ca318de3eb99b2a66418f2267d') in 0.028198 seconds
Number of updated asset objects reloaded before import = 0
Number of asset objects unloaded after import = 9
========================================================================
Received Import Request.
  Time since last request: 0.018859 seconds.
  path: Assets/Flat_Style_Vehicles/Art/Meshes/Enviroment/Fence02.FBX
  artifactKey: Guid(2d5f040bfdc15ec47a7ffa79d941ee51) Importer(815301076,1909f56bfc062723c751e8b465ee728b)
Start importing Assets/Flat_Style_Vehicles/Art/Meshes/Enviroment/Fence02.FBX using Guid(2d5f040bfdc15ec47a7ffa79d941ee51) Importer(815301076,1909f56bfc062723c751e8b465ee728b) [PhysX] Initialized MultithreadedTaskDispatcher with 40 workers.
[PhysX] Initialized MultithreadedTaskDispatcher with 40 workers.
[PhysX] Initialized MultithreadedTaskDispatcher with 40 workers.
 -> (artifact id: '4bbb92e807ea48309336f612deeb89a3') in 0.026147 seconds
Number of updated asset objects reloaded before import = 0
Number of asset objects unloaded after import = 8
========================================================================
Received Import Request.
  Time since last request: 0.011210 seconds.
  path: Assets/UnityTechnologies/ParticlePack/Shared/Environment/Models/FloorLong.fbx
  artifactKey: Guid(446cd81926e0f8f41ba901232882f7eb) Importer(815301076,1909f56bfc062723c751e8b465ee728b)
Start importing Assets/UnityTechnologies/ParticlePack/Shared/Environment/Models/FloorLong.fbx using Guid(446cd81926e0f8f41ba901232882f7eb) Importer(815301076,1909f56bfc062723c751e8b465ee728b) [PhysX] Initialized MultithreadedTaskDispatcher with 40 workers.
[PhysX] Initialized MultithreadedTaskDispatcher with 40 workers.
[PhysX] Initialized MultithreadedTaskDispatcher with 40 workers.
 -> (artifact id: 'daf25a9f99971711409d7a9fdcf93c5c') in 0.190794 seconds
Number of updated asset objects reloaded before import = 0
Number of asset objects unloaded after import = 17
========================================================================
Received Import Request.
  Time since last request: 0.718745 seconds.
  path: Assets/SimplePoly City - Low Poly Assets/Models/Natures_House Floor.fbx
  artifactKey: Guid(c7327ddbb4f55824eb37461c53fdd55d) Importer(815301076,1909f56bfc062723c751e8b465ee728b)
Start importing Assets/SimplePoly City - Low Poly Assets/Models/Natures_House Floor.fbx using Guid(c7327ddbb4f55824eb37461c53fdd55d) Importer(815301076,1909f56bfc062723c751e8b465ee728b) [PhysX] Initialized MultithreadedTaskDispatcher with 40 workers.
[PhysX] Initialized MultithreadedTaskDispatcher with 40 workers.
[PhysX] Initialized MultithreadedTaskDispatcher with 40 workers.
 -> (artifact id: '0f63bcead4fbc3236d4ad6eb32b10d78') in 0.032078 seconds
Number of updated asset objects reloaded before import = 0
Number of asset objects unloaded after import = 9
========================================================================
Received Import Request.
  Time since last request: 38.901572 seconds.
  path: Assets/Tarbo-CITY-TrafficLights/Meshes/TB_CITY_Prop_TrafficLight_VSet_Yellow.FBX
  artifactKey: Guid(0342b7753732c704e9a3bcba2135748a) Importer(815301076,1909f56bfc062723c751e8b465ee728b)
Start importing Assets/Tarbo-CITY-TrafficLights/Meshes/TB_CITY_Prop_TrafficLight_VSet_Yellow.FBX using Guid(0342b7753732c704e9a3bcba2135748a) Importer(815301076,1909f56bfc062723c751e8b465ee728b) [PhysX] Initialized MultithreadedTaskDispatcher with 40 workers.
[PhysX] Initialized MultithreadedTaskDispatcher with 40 workers.
[PhysX] Initialized MultithreadedTaskDispatcher with 40 workers.
 -> (artifact id: '7b525dc0dd3c1389072cbb298c72f767') in 0.027342 seconds
Number of updated asset objects reloaded before import = 0
Number of asset objects unloaded after import = 8
========================================================================
Received Import Request.
  Time since last request: 0.000026 seconds.
  path: Assets/Traffic Lights System/Models/tl_straight_road_2x.fbx
  artifactKey: Guid(c9d4fa23f189b474aa45087be6b07746) Importer(815301076,1909f56bfc062723c751e8b465ee728b)
Start importing Assets/Traffic Lights System/Models/tl_straight_road_2x.fbx using Guid(c9d4fa23f189b474aa45087be6b07746) Importer(815301076,1909f56bfc062723c751e8b465ee728b) [PhysX] Initialized MultithreadedTaskDispatcher with 40 workers.
[PhysX] Initialized MultithreadedTaskDispatcher with 40 workers.
[PhysX] Initialized MultithreadedTaskDispatcher with 40 workers.
 -> (artifact id: '57f36b2a39db0ee1dcbce223dd4d9e6e') in 0.353064 seconds
Number of updated asset objects reloaded before import = 0
Number of asset objects unloaded after import = 11
========================================================================
Received Import Request.
  Time since last request: 0.000104 seconds.
  path: Assets/Traffic Lights System/Prefabs/TL_StraightRoad2x_Crosswalk.prefab
  artifactKey: Guid(fa708ba5667dcf140a7abfa0b831d59a) Importer(815301076,1909f56bfc062723c751e8b465ee728b)
Start importing Assets/Traffic Lights System/Prefabs/TL_StraightRoad2x_Crosswalk.prefab using Guid(fa708ba5667dcf140a7abfa0b831d59a) Importer(815301076,1909f56bfc062723c751e8b465ee728b) [PhysX] Initialized MultithreadedTaskDispatcher with 40 workers.
[PhysX] Initialized MultithreadedTaskDispatcher with 40 workers.
 -> (artifact id: '09fa3a0b0745f2140ebee06abb423ece') in 0.034600 seconds
Number of updated asset objects reloaded before import = 0
Number of asset objects unloaded after import = 22
========================================================================
Received Import Request.
  Time since last request: 40.932081 seconds.
  path: Assets/SimplePoly City - Low Poly Assets/Prefab/Props/Props_Windmill.prefab
  artifactKey: Guid(0b6fafa63b69b174584365f2641586a4) Importer(815301076,1909f56bfc062723c751e8b465ee728b)
Start importing Assets/SimplePoly City - Low Poly Assets/Prefab/Props/Props_Windmill.prefab using Guid(0b6fafa63b69b174584365f2641586a4) Importer(815301076,1909f56bfc062723c751e8b465ee728b) [PhysX] Initialized MultithreadedTaskDispatcher with 40 workers.
[PhysX] Initialized MultithreadedTaskDispatcher with 40 workers.
 -> (artifact id: '7076e0789c28fd09ca37138f5b593e45') in 0.023202 seconds
Number of updated asset objects reloaded before import = 0
Number of asset objects unloaded after import = 16
========================================================================
Received Import Request.
  Time since last request: 0.000028 seconds.
  path: Assets/UnityTechnologies/ParticlePack/EffectExamples/Misc Effects/Prefabs/SandSwirlsEffect.prefab
  artifactKey: Guid(14d81e2c407975245973a11cdfbeb902) Importer(815301076,1909f56bfc062723c751e8b465ee728b)
Start importing Assets/UnityTechnologies/ParticlePack/EffectExamples/Misc Effects/Prefabs/SandSwirlsEffect.prefab using Guid(14d81e2c407975245973a11cdfbeb902) Importer(815301076,1909f56bfc062723c751e8b465ee728b) [PhysX] Initialized MultithreadedTaskDispatcher with 40 workers.
[PhysX] Initialized MultithreadedTaskDispatcher with 40 workers.
 -> (artifact id: '37be338a0251a18caf6cdbf5a5a00cb8') in 0.032930 seconds
Number of updated asset objects reloaded before import = 0
Number of asset objects unloaded after import = 12
Editor requested this worker to shutdown with reason: Scaling down because of idle timeout
TcpMessagingSession - receive error: operation aborted. errorcode: 995, details: L’opération d’entrée/sortie a été abandonnée en raison de l’arrêt d’un thread ou à la demande d’une application.
AssetImportWorker is now disconnected from the server
Process exiting
Exiting without the bug reporter. Application will terminate with return code 0