Using pre-set license
Built from '2022.3/staging' branch; Version is '2022.3.55f1 (9f374180d209) revision 10434369'; Using compiler version '192829333'; Build Type 'Release'
OS: 'Windows 11  (10.0.22631) 64bit ProfessionalWorkstation' Language: 'fr' Physical Memory: 65183 MB
BatchMode: 1, IsHumanControllingUs: 0, StartBugReporterOnCrash: 0, Is64bit: 1, IsPro: 1

COMMAND LINE ARGUMENTS:
C:\Program Files\Unity\Hub\Editor\2022.3.55f1\Editor\Unity.exe
-adb2
-batchMode
-noUpm
-name
AssetImportWorker15
-projectPath
D:/Users/Student/Documents/Nkaidomar/MRTKproject
-logFile
Logs/AssetImportWorker15.log
-srvPort
55469
Successfully changed project path to: D:/Users/Student/Documents/Nkaidomar/MRTKproject
D:/Users/Student/Documents/Nkaidomar/MRTKproject
[UnityMemory] Configuration Parameters - Can be set up in boot.config
    "memorysetup-bucket-allocator-granularity=16"
    "memorysetup-bucket-allocator-bucket-count=8"
    "memorysetup-bucket-allocator-block-size=33554432"
    "memorysetup-bucket-allocator-block-count=8"
    "memorysetup-main-allocator-block-size=16777216"
    "memorysetup-thread-allocator-block-size=16777216"
    "memorysetup-gfx-main-allocator-block-size=16777216"
    "memorysetup-gfx-thread-allocator-block-size=16777216"
    "memorysetup-cache-allocator-block-size=4194304"
    "memorysetup-typetree-allocator-block-size=2097152"
    "memorysetup-profiler-bucket-allocator-granularity=16"
    "memorysetup-profiler-bucket-allocator-bucket-count=8"
    "memorysetup-profiler-bucket-allocator-block-size=33554432"
    "memorysetup-profiler-bucket-allocator-block-count=8"
    "memorysetup-profiler-allocator-block-size=16777216"
    "memorysetup-profiler-editor-allocator-block-size=1048576"
    "memorysetup-temp-allocator-size-main=16777216"
    "memorysetup-job-temp-allocator-block-size=2097152"
    "memorysetup-job-temp-allocator-block-size-background=1048576"
    "memorysetup-job-temp-allocator-reduction-small-platforms=262144"
    "memorysetup-allocator-temp-initial-block-size-main=262144"
    "memorysetup-allocator-temp-initial-block-size-worker=262144"
    "memorysetup-temp-allocator-size-background-worker=32768"
    "memorysetup-temp-allocator-size-job-worker=262144"
    "memorysetup-temp-allocator-size-preload-manager=33554432"
    "memorysetup-temp-allocator-size-nav-mesh-worker=65536"
    "memorysetup-temp-allocator-size-audio-worker=65536"
    "memorysetup-temp-allocator-size-cloud-worker=32768"
    "memorysetup-temp-allocator-size-gi-baking-worker=262144"
    "memorysetup-temp-allocator-size-gfx=262144"
Player connection [43080]  Target information:

Player connection [43080]  * "[IP] 157.159.93.77 [Port] 0 [Flags] 2 [Guid] 2758314167 [EditorId] 2758314167 [Version] 1048832 [Id] WindowsEditor(7,PAT16337) [Debug] 1 [PackageName] WindowsEditor [ProjectName] Editor" 

Player connection [43080]  * "[IP] 192.168.56.1 [Port] 0 [Flags] 2 [Guid] 2758314167 [EditorId] 2758314167 [Version] 1048832 [Id] WindowsEditor(7,PAT16337) [Debug] 1 [PackageName] WindowsEditor [ProjectName] Editor" 

Player connection [43080] Host joined multi-casting on [225.0.0.222:54997]...
Player connection [43080] Host joined alternative multi-casting on [225.0.0.222:34997]...
[PhysX] Initialized MultithreadedTaskDispatcher with 40 workers.
Refreshing native plugins compatible for Editor in 49.21 ms, found 17 plugins.
Preloading 0 native plugins for Editor in 0.00 ms.
Initialize engine version: 2022.3.55f1 (9f374180d209)
[Subsystems] Discovering subsystems at path C:/Program Files/Unity/Hub/Editor/2022.3.55f1/Editor/Data/Resources/UnitySubsystems
[Subsystems] Discovering subsystems at path D:/Users/Student/Documents/Nkaidomar/MRTKproject/Assets
GfxDevice: creating device client; threaded=0; jobified=0
Direct3D:
    Version:  Direct3D 11.0 [level 11.1]
    Renderer: NVIDIA GeForce RTX 3080 (ID=0x2216)
    Vendor:   NVIDIA
    VRAM:     10053 MB
    Driver:   32.0.15.6614
Initialize mono
Mono path[0] = 'C:/Program Files/Unity/Hub/Editor/2022.3.55f1/Editor/Data/Managed'
Mono path[1] = 'C:/Program Files/Unity/Hub/Editor/2022.3.55f1/Editor/Data/MonoBleedingEdge/lib/mono/unityjit-win32'
Mono config path = 'C:/Program Files/Unity/Hub/Editor/2022.3.55f1/Editor/Data/MonoBleedingEdge/etc'
Using monoOptions --debugger-agent=transport=dt_socket,embedding=1,server=y,suspend=n,address=127.0.0.1:56076
Begin MonoManager ReloadAssembly
Registering precompiled unity dll's ...
Register platform support module: C:/Program Files/Unity/Hub/Editor/2022.3.55f1/Editor/Data/PlaybackEngines/WindowsStandaloneSupport/UnityEditor.WindowsStandalone.Extensions.dll
Register platform support module: C:/Program Files/Unity/Hub/Editor/2022.3.55f1/Editor/Data/PlaybackEngines/MetroSupport/UnityEditor.UWP.Extensions.dll
Registered in 0.012137 seconds.
- Loaded All Assemblies, in  0.712 seconds
Native extension for UWP target not found
Native extension for WindowsStandalone target not found
Mono: successfully reloaded assembly
- Finished resetting the current domain, in  0.398 seconds
Domain Reload Profiling: 1108ms
	BeginReloadAssembly (251ms)
		ExecutionOrderSort (0ms)
		DisableScriptedObjects (0ms)
		BackupInstance (0ms)
		ReleaseScriptingObjects (0ms)
		CreateAndSetChildDomain (1ms)
	RebuildCommonClasses (60ms)
	RebuildNativeTypeToScriptingClass (16ms)
	initialDomainReloadingComplete (89ms)
	LoadAllAssembliesAndSetupDomain (293ms)
		LoadAssemblies (252ms)
		RebuildTransferFunctionScriptingTraits (0ms)
		AnalyzeDomain (287ms)
			TypeCache.Refresh (285ms)
				TypeCache.ScanAssembly (253ms)
			ScanForSourceGeneratedMonoScriptInfo (1ms)
			ResolveRequiredComponents (1ms)
	FinalizeReload (399ms)
		ReleaseScriptCaches (0ms)
		RebuildScriptCaches (0ms)
		SetupLoadedEditorAssemblies (328ms)
			LogAssemblyErrors (0ms)
			InitializePlatformSupportModulesInManaged (15ms)
			SetLoadedEditorAssemblies (8ms)
			RefreshPlugins (0ms)
			BeforeProcessingInitializeOnLoad (3ms)
			ProcessInitializeOnLoadAttributes (232ms)
			ProcessInitializeOnLoadMethodAttributes (70ms)
			AfterProcessingInitializeOnLoad (0ms)
			EditorAssembliesLoaded (0ms)
		ExecutionOrderSort2 (0ms)
		AwakeInstancesAfterBackupRestoration (0ms)
========================================================================
Worker process is ready to serve import requests
Caller must complete domain reload
Begin MonoManager ReloadAssembly
- Loaded All Assemblies, in  1.506 seconds
Native extension for UWP target not found
Native extension for WindowsStandalone target not found
Package Manager log level set to [2]
[Package Manager] Server::EnsureServerProcessIsRunning -- launch failed, reason: Unity was launched with the -noUpm command-line argument
[Package Manager] UpmClient::Send -- Unable to send message (not connected to UPM process).
[Package Manager] Cannot connect to Unity Package Manager local server
Mono: successfully reloaded assembly
[Package Manager] Server::EnsureServerProcessIsRunning -- launch failed, reason: Unity was launched with the -noUpm command-line argument
[Package Manager] UpmClient::Send -- Unable to send message (not connected to UPM process).
[Package Manager] Cannot connect to Unity Package Manager local server
[Package Manager] Server::EnsureServerProcessIsRunning -- launch failed, reason: Unity was launched with the -noUpm command-line argument
[Package Manager] UpmClient::Send -- Unable to send message (not connected to UPM process).
[Package Manager] Cannot connect to Unity Package Manager local server
- Finished resetting the current domain, in  1.438 seconds
Domain Reload Profiling: 2941ms
	BeginReloadAssembly (249ms)
		ExecutionOrderSort (0ms)
		DisableScriptedObjects (8ms)
		BackupInstance (0ms)
		ReleaseScriptingObjects (0ms)
		CreateAndSetChildDomain (40ms)
	RebuildCommonClasses (52ms)
	RebuildNativeTypeToScriptingClass (16ms)
	initialDomainReloadingComplete (60ms)
	LoadAllAssembliesAndSetupDomain (1126ms)
		LoadAssemblies (654ms)
		RebuildTransferFunctionScriptingTraits (0ms)
		AnalyzeDomain (615ms)
			TypeCache.Refresh (502ms)
				TypeCache.ScanAssembly (451ms)
			ScanForSourceGeneratedMonoScriptInfo (81ms)
			ResolveRequiredComponents (29ms)
	FinalizeReload (1439ms)
		ReleaseScriptCaches (0ms)
		RebuildScriptCaches (0ms)
		SetupLoadedEditorAssemblies (1128ms)
			LogAssemblyErrors (0ms)
			InitializePlatformSupportModulesInManaged (10ms)
			SetLoadedEditorAssemblies (12ms)
			RefreshPlugins (0ms)
			BeforeProcessingInitializeOnLoad (162ms)
			ProcessInitializeOnLoadAttributes (733ms)
			ProcessInitializeOnLoadMethodAttributes (202ms)
			AfterProcessingInitializeOnLoad (9ms)
			EditorAssembliesLoaded (1ms)
		ExecutionOrderSort2 (0ms)
		AwakeInstancesAfterBackupRestoration (10ms)
Launched and connected shader compiler UnityShaderCompiler.exe after 0.05 seconds
Refreshing native plugins compatible for Editor in 20.60 ms, found 17 plugins.
Preloading 0 native plugins for Editor in 0.00 ms.
Unloading 7649 Unused Serialized files (Serialized files now loaded: 0)
Unloading 122 unused Assets / (4.0 MB). Loaded Objects now: 8082.
Memory consumption went from 287.6 MB to 283.5 MB.
Total: 13.750500 ms (FindLiveObjects: 1.363900 ms CreateObjectMapping: 0.987600 ms MarkObjects: 8.828500 ms  DeleteObjects: 2.569000 ms)

AssetImportParameters requested are different than current active one (requested -> active):
  custom:container-demuxer-ogg: 62fdf1f143b41e24485cea50d1cbac27 -> 
  custom:scripting/monoscript/fileName/move.cs: 121b68ccfe6d02c4399c017d8a811323 -> 7c0f557a2ae3f1ce83d325216f3cc588
  custom:framework-win-MediaFoundation: 216162199b28c13a410421893ffa2e32 -> 
  custom:scripting/monoscript/fileName/scores.cs: 8d090ca03901ccb75ce3e481a176e711 -> 83dbbe261889b21ae5c4bdc452a5c269
  custom:scripting/monoscript/fileName/disp1b.cs: ed8ca75dceab7f1eba01929a9f54958c -> 2ab7dac7e849a1deddeabd9b943a175c
  custom:container-muxer-webm: aa71ff27fc2769a1b78a27578f13a17b -> 
  custom:video-decoder-webm-vp8: 9c59270c3fd7afecdb556c50c9e8de78 -> 
  custom:SearchIndexIgnoredProperties: e643bd26f0fe6173181afceb89e7c659 -> 
  custom:AudioImporter_EditorPlatform: d09bf68614088b80899f8185d706f6e7 -> 
  custom:scripting/monoscript/fileName/disp.cs: 25a171893c12fc800ae198c4524ac52f -> 2a41e184c7037b7026e47bd61770b697
  custom:audio-decoder-ogg-vorbis: bf7c407c2cedff20999df2af8eb42d56 -> 
  custom:audio-encoder-webm-vorbis: bf7c407c2cedff20999df2af8eb42d56 -> 
  custom:scripting/monoscript/fileName/win.cs: 8a4cfd0385c784b2c8edcdc10f145ae3 -> 3c634dff2915517022f60480d3bc95fc
  custom:video-codec-MediaFoundation-h265: 746d11721c4dcdbdad8f713fa42b33f4 -> 
  custom:scripting/monoscript/fileName/button.cs: d2ac04e06054b6b270e6094ec1287429 -> c8ddaf2c1b8226c7b98205e47a5cfb21
  custom:video-decoder-ogg-theora: a1e56fd34408186e4bbccfd4996cb3dc -> 
  custom:CustomObjectIndexerAttribute: 3ead1caaecf1c488f20bcfeb224b6af5 -> 
  custom:container-demuxer-webm: 4f35f7cbe854078d1ac9338744f61a02 -> 
  custom:scripting/monoscript/fileName/win1.cs: d6883c713f87151b9e01c1d2a794ce83 -> 63508499c1b7238b5760cf99c1ca5900
  custom:scripting/monoscript/fileName/button1.cs: df1dda8d95e91ed6e976b6183f526cd3 -> ca7082d4221ad6d9b6ce3cb6c04cd382
  custom:video-encoder-webm-vp8: eb34c28f22e8b96e1ab97ce403110664 -> 
  custom:scripting/monoscript/fileName/scores1B.cs: 95eebb3a1b3e81fdeb74ccbcfc849bc3 -> ef93d9e6506cf15985ae536dd6e64e71
  custom:scripting/monoscript/fileName/movebike.cs: cd0e87a84255ff854721dc050683337c -> 6e02d77cd9700d0614ea74a6f6bf6a1d
========================================================================
Received Import Request.
  Time since last request: 337457.113528 seconds.
  path: Assets/UnityTechnologies/ParticlePack/Shared/Environment/Prefabs/CornerWall.prefab
  artifactKey: Guid(21617474d5ac06548b6020406dbe6e6b) Importer(815301076,1909f56bfc062723c751e8b465ee728b)
Start importing Assets/UnityTechnologies/ParticlePack/Shared/Environment/Prefabs/CornerWall.prefab using Guid(21617474d5ac06548b6020406dbe6e6b) Importer(815301076,1909f56bfc062723c751e8b465ee728b) [PhysX] Initialized MultithreadedTaskDispatcher with 40 workers.
[PhysX] Initialized MultithreadedTaskDispatcher with 40 workers.
 -> (artifact id: 'eb9196b00ab1c7b999aae37b67fccad1') in 0.220505 seconds
Number of updated asset objects reloaded before import = 0
Number of asset objects unloaded after import = 38
========================================================================
Received Import Request.
  Time since last request: 5.806404 seconds.
  path: Assets/Industrial Props/Prefabs/WaterTank.prefab
  artifactKey: Guid(28b84caef8a775346bad0707768b08d0) Importer(815301076,1909f56bfc062723c751e8b465ee728b)
Start importing Assets/Industrial Props/Prefabs/WaterTank.prefab using Guid(28b84caef8a775346bad0707768b08d0) Importer(815301076,1909f56bfc062723c751e8b465ee728b) [PhysX] Initialized MultithreadedTaskDispatcher with 40 workers.
[PhysX] Initialized MultithreadedTaskDispatcher with 40 workers.
 -> (artifact id: '1e86778b7fdfdd3ef2f7510053dc7541') in 0.046190 seconds
Number of updated asset objects reloaded before import = 0
Number of asset objects unloaded after import = 162
========================================================================
Received Import Request.
  Time since last request: 45.598430 seconds.
  path: Assets/UnityTechnologies/ParticlePack/EffectExamples/Fire & Explosion Effects/Materials/SandParticle.mat
  artifactKey: Guid(4ea8613283885aa45a5c6eb29a50bdb0) Importer(815301076,1909f56bfc062723c751e8b465ee728b)
Start importing Assets/UnityTechnologies/ParticlePack/EffectExamples/Fire & Explosion Effects/Materials/SandParticle.mat using Guid(4ea8613283885aa45a5c6eb29a50bdb0) Importer(815301076,1909f56bfc062723c751e8b465ee728b) [PhysX] Initialized MultithreadedTaskDispatcher with 40 workers.
[PhysX] Initialized MultithreadedTaskDispatcher with 40 workers.
 -> (artifact id: '0c276ff52d5cbb00297b45701097de5e') in 0.048646 seconds
Number of updated asset objects reloaded before import = 0
Number of asset objects unloaded after import = 2
========================================================================
Received Import Request.
  Time since last request: 492.154105 seconds.
  path: Assets/Industrial Props/Mesh/Ibeam.fbx
  artifactKey: Guid(5519748759eddc94aa06c811272857d8) Importer(815301076,1909f56bfc062723c751e8b465ee728b)
Start importing Assets/Industrial Props/Mesh/Ibeam.fbx using Guid(5519748759eddc94aa06c811272857d8) Importer(815301076,1909f56bfc062723c751e8b465ee728b) [PhysX] Initialized MultithreadedTaskDispatcher with 40 workers.
[PhysX] Initialized MultithreadedTaskDispatcher with 40 workers.
[PhysX] Initialized MultithreadedTaskDispatcher with 40 workers.
 -> (artifact id: '0ead49ef75dd62e1f785567902d98a23') in 0.049092 seconds
Number of updated asset objects reloaded before import = 0
Number of asset objects unloaded after import = 8
========================================================================
Received Import Request.
  Time since last request: 0.000027 seconds.
  path: Assets/UnityTechnologies/ParticlePack/EffectExamples/Magic Effects/Models/IceShard.FBX
  artifactKey: Guid(a7ca52bcb825d7044a8afdfd569507c9) Importer(815301076,1909f56bfc062723c751e8b465ee728b)
Start importing Assets/UnityTechnologies/ParticlePack/EffectExamples/Magic Effects/Models/IceShard.FBX using Guid(a7ca52bcb825d7044a8afdfd569507c9) Importer(815301076,1909f56bfc062723c751e8b465ee728b) [PhysX] Initialized MultithreadedTaskDispatcher with 40 workers.
[PhysX] Initialized MultithreadedTaskDispatcher with 40 workers.
[PhysX] Initialized MultithreadedTaskDispatcher with 40 workers.
[PhysX] Initialized MultithreadedTaskDispatcher with 40 workers.
[PhysX] Initialized MultithreadedTaskDispatcher with 40 workers.
[PhysX] Initialized MultithreadedTaskDispatcher with 40 workers.
[PhysX] Initialized MultithreadedTaskDispatcher with 40 workers.
[PhysX] Initialized MultithreadedTaskDispatcher with 40 workers.
 -> (artifact id: '5497dc1655db8970d10233fb0cb5359d') in 0.059108 seconds
Number of updated asset objects reloaded before import = 0
Number of asset objects unloaded after import = 25
========================================================================
Received Import Request.
  Time since last request: 0.000026 seconds.
  path: Assets/Flat_Style_Vehicles/Art/Meshes/Enviroment/Light.FBX
  artifactKey: Guid(e38fb5b8fe4ec174980d1572d67cbe33) Importer(815301076,1909f56bfc062723c751e8b465ee728b)
Start importing Assets/Flat_Style_Vehicles/Art/Meshes/Enviroment/Light.FBX using Guid(e38fb5b8fe4ec174980d1572d67cbe33) Importer(815301076,1909f56bfc062723c751e8b465ee728b) [PhysX] Initialized MultithreadedTaskDispatcher with 40 workers.
[PhysX] Initialized MultithreadedTaskDispatcher with 40 workers.
[PhysX] Initialized MultithreadedTaskDispatcher with 40 workers.
 -> (artifact id: '2d6dd5bb12cf001f3f115223f8ef3618') in 0.022592 seconds
Number of updated asset objects reloaded before import = 0
Number of asset objects unloaded after import = 8
========================================================================
Received Import Request.
  Time since last request: 0.000079 seconds.
  path: Assets/ModularLowpolyStreetsFree/FBX/Nature.fbx
  artifactKey: Guid(71b44a86250cd7c4e9a9975b56b36bb3) Importer(815301076,1909f56bfc062723c751e8b465ee728b)
Start importing Assets/ModularLowpolyStreetsFree/FBX/Nature.fbx using Guid(71b44a86250cd7c4e9a9975b56b36bb3) Importer(815301076,1909f56bfc062723c751e8b465ee728b) [PhysX] Initialized MultithreadedTaskDispatcher with 40 workers.
[PhysX] Initialized MultithreadedTaskDispatcher with 40 workers.
[PhysX] Initialized MultithreadedTaskDispatcher with 40 workers.
[PhysX] Initialized MultithreadedTaskDispatcher with 40 workers.
[PhysX] Initialized MultithreadedTaskDispatcher with 40 workers.
[PhysX] Initialized MultithreadedTaskDispatcher with 40 workers.
[PhysX] Initialized MultithreadedTaskDispatcher with 40 workers.
[PhysX] Initialized MultithreadedTaskDispatcher with 40 workers.
 -> (artifact id: 'a3add73ad27a68095eb3438f50fdb3bd') in 0.120296 seconds
Number of updated asset objects reloaded before import = 0
Number of asset objects unloaded after import = 25
========================================================================
Received Import Request.
  Time since last request: 0.000028 seconds.
  path: Assets/Industrial Props/Prefabs/Ibeam.prefab
  artifactKey: Guid(56cb3482401e6f44791afe77eb0c33d6) Importer(815301076,1909f56bfc062723c751e8b465ee728b)
Start importing Assets/Industrial Props/Prefabs/Ibeam.prefab using Guid(56cb3482401e6f44791afe77eb0c33d6) Importer(815301076,1909f56bfc062723c751e8b465ee728b) [PhysX] Initialized MultithreadedTaskDispatcher with 40 workers.
[PhysX] Initialized MultithreadedTaskDispatcher with 40 workers.
 -> (artifact id: '107d31d8298752ed651c64c67ead65c7') in 0.017657 seconds
Number of updated asset objects reloaded before import = 0
Number of asset objects unloaded after import = 11
========================================================================
Received Import Request.
  Time since last request: 0.000040 seconds.
  path: Assets/UnityTechnologies/ParticlePack/EffectExamples/Magic Effects/Models/IceLance.FBX
  artifactKey: Guid(735d1d1e5a1d1934589aa44da6a7ea75) Importer(815301076,1909f56bfc062723c751e8b465ee728b)
Start importing Assets/UnityTechnologies/ParticlePack/EffectExamples/Magic Effects/Models/IceLance.FBX using Guid(735d1d1e5a1d1934589aa44da6a7ea75) Importer(815301076,1909f56bfc062723c751e8b465ee728b) [PhysX] Initialized MultithreadedTaskDispatcher with 40 workers.
[PhysX] Initialized MultithreadedTaskDispatcher with 40 workers.
[PhysX] Initialized MultithreadedTaskDispatcher with 40 workers.
 -> (artifact id: '22c573f93cb59a90cf228ca80bfcb596') in 0.030480 seconds
Number of updated asset objects reloaded before import = 0
Number of asset objects unloaded after import = 13
========================================================================
Received Import Request.
  Time since last request: 2.010569 seconds.
  path: Assets/Vefects/Free Fire VFX URP/Lights/VFX_Point_Light.prefab
  artifactKey: Guid(9f90aa15c6b14234ea7247f33f09e816) Importer(815301076,1909f56bfc062723c751e8b465ee728b)
Start importing Assets/Vefects/Free Fire VFX URP/Lights/VFX_Point_Light.prefab using Guid(9f90aa15c6b14234ea7247f33f09e816) Importer(815301076,1909f56bfc062723c751e8b465ee728b) [PhysX] Initialized MultithreadedTaskDispatcher with 40 workers.
 -> (artifact id: '7e64da1832b174b2b35df2f9c3d01145') in 0.005230 seconds
Number of updated asset objects reloaded before import = 0
Number of asset objects unloaded after import = 6
Editor requested this worker to shutdown with reason: Scaling down because of idle timeout
TcpMessagingSession - receive error: operation aborted. errorcode: 995, details: L’opération d’entrée/sortie a été abandonnée en raison de l’arrêt d’un thread ou à la demande d’une application.
AssetImportWorker is now disconnected from the server
Process exiting
Exiting without the bug reporter. Application will terminate with return code 0