Using pre-set license
Built from '2022.3/staging' branch; Version is '2022.3.55f1 (9f374180d209) revision 10434369'; Using compiler version '192829333'; Build Type 'Release'
OS: 'Windows 11  (10.0.22631) 64bit ProfessionalWorkstation' Language: 'fr' Physical Memory: 65183 MB
BatchMode: 1, IsHumanControllingUs: 0, StartBugReporterOnCrash: 0, Is64bit: 1, IsPro: 1

COMMAND LINE ARGUMENTS:
C:\Program Files\Unity\Hub\Editor\2022.3.55f1\Editor\Unity.exe
-adb2
-batchMode
-noUpm
-name
AssetImportWorker6
-projectPath
D:/Users/Student/Documents/Nkaidomar/MRTKproject
-logFile
Logs/AssetImportWorker6.log
-srvPort
55469
Successfully changed project path to: D:/Users/Student/Documents/Nkaidomar/MRTKproject
D:/Users/Student/Documents/Nkaidomar/MRTKproject
[UnityMemory] Configuration Parameters - Can be set up in boot.config
    "memorysetup-bucket-allocator-granularity=16"
    "memorysetup-bucket-allocator-bucket-count=8"
    "memorysetup-bucket-allocator-block-size=33554432"
    "memorysetup-bucket-allocator-block-count=8"
    "memorysetup-main-allocator-block-size=16777216"
    "memorysetup-thread-allocator-block-size=16777216"
    "memorysetup-gfx-main-allocator-block-size=16777216"
    "memorysetup-gfx-thread-allocator-block-size=16777216"
    "memorysetup-cache-allocator-block-size=4194304"
    "memorysetup-typetree-allocator-block-size=2097152"
    "memorysetup-profiler-bucket-allocator-granularity=16"
    "memorysetup-profiler-bucket-allocator-bucket-count=8"
    "memorysetup-profiler-bucket-allocator-block-size=33554432"
    "memorysetup-profiler-bucket-allocator-block-count=8"
    "memorysetup-profiler-allocator-block-size=16777216"
    "memorysetup-profiler-editor-allocator-block-size=1048576"
    "memorysetup-temp-allocator-size-main=16777216"
    "memorysetup-job-temp-allocator-block-size=2097152"
    "memorysetup-job-temp-allocator-block-size-background=1048576"
    "memorysetup-job-temp-allocator-reduction-small-platforms=262144"
    "memorysetup-allocator-temp-initial-block-size-main=262144"
    "memorysetup-allocator-temp-initial-block-size-worker=262144"
    "memorysetup-temp-allocator-size-background-worker=32768"
    "memorysetup-temp-allocator-size-job-worker=262144"
    "memorysetup-temp-allocator-size-preload-manager=33554432"
    "memorysetup-temp-allocator-size-nav-mesh-worker=65536"
    "memorysetup-temp-allocator-size-audio-worker=65536"
    "memorysetup-temp-allocator-size-cloud-worker=32768"
    "memorysetup-temp-allocator-size-gi-baking-worker=262144"
    "memorysetup-temp-allocator-size-gfx=262144"
Player connection [19340]  Target information:

Player connection [19340]  * "[IP] 157.159.93.77 [Port] 0 [Flags] 2 [Guid] 2343157639 [EditorId] 2343157639 [Version] 1048832 [Id] WindowsEditor(7,PAT16337) [Debug] 1 [PackageName] WindowsEditor [ProjectName] Editor" 

Player connection [19340]  * "[IP] 192.168.56.1 [Port] 0 [Flags] 2 [Guid] 2343157639 [EditorId] 2343157639 [Version] 1048832 [Id] WindowsEditor(7,PAT16337) [Debug] 1 [PackageName] WindowsEditor [ProjectName] Editor" 

Player connection [19340] Host joined multi-casting on [225.0.0.222:54997]...
Player connection [19340] Host joined alternative multi-casting on [225.0.0.222:34997]...
[PhysX] Initialized MultithreadedTaskDispatcher with 40 workers.
Refreshing native plugins compatible for Editor in 30.49 ms, found 17 plugins.
Preloading 0 native plugins for Editor in 0.00 ms.
Initialize engine version: 2022.3.55f1 (9f374180d209)
[Subsystems] Discovering subsystems at path C:/Program Files/Unity/Hub/Editor/2022.3.55f1/Editor/Data/Resources/UnitySubsystems
[Subsystems] Discovering subsystems at path D:/Users/Student/Documents/Nkaidomar/MRTKproject/Assets
GfxDevice: creating device client; threaded=0; jobified=0
Direct3D:
    Version:  Direct3D 11.0 [level 11.1]
    Renderer: NVIDIA GeForce RTX 3080 (ID=0x2216)
    Vendor:   NVIDIA
    VRAM:     10053 MB
    Driver:   32.0.15.6614
Initialize mono
Mono path[0] = 'C:/Program Files/Unity/Hub/Editor/2022.3.55f1/Editor/Data/Managed'
Mono path[1] = 'C:/Program Files/Unity/Hub/Editor/2022.3.55f1/Editor/Data/MonoBleedingEdge/lib/mono/unityjit-win32'
Mono config path = 'C:/Program Files/Unity/Hub/Editor/2022.3.55f1/Editor/Data/MonoBleedingEdge/etc'
Using monoOptions --debugger-agent=transport=dt_socket,embedding=1,server=y,suspend=n,address=127.0.0.1:56012
Begin MonoManager ReloadAssembly
Registering precompiled unity dll's ...
Register platform support module: C:/Program Files/Unity/Hub/Editor/2022.3.55f1/Editor/Data/PlaybackEngines/WindowsStandaloneSupport/UnityEditor.WindowsStandalone.Extensions.dll
Register platform support module: C:/Program Files/Unity/Hub/Editor/2022.3.55f1/Editor/Data/PlaybackEngines/MetroSupport/UnityEditor.UWP.Extensions.dll
Registered in 0.017137 seconds.
- Loaded All Assemblies, in  0.507 seconds
Native extension for UWP target not found
Native extension for WindowsStandalone target not found
Mono: successfully reloaded assembly
- Finished resetting the current domain, in  0.404 seconds
Domain Reload Profiling: 907ms
	BeginReloadAssembly (157ms)
		ExecutionOrderSort (0ms)
		DisableScriptedObjects (0ms)
		BackupInstance (0ms)
		ReleaseScriptingObjects (0ms)
		CreateAndSetChildDomain (1ms)
	RebuildCommonClasses (47ms)
	RebuildNativeTypeToScriptingClass (15ms)
	initialDomainReloadingComplete (87ms)
	LoadAllAssembliesAndSetupDomain (198ms)
		LoadAssemblies (154ms)
		RebuildTransferFunctionScriptingTraits (0ms)
		AnalyzeDomain (194ms)
			TypeCache.Refresh (192ms)
				TypeCache.ScanAssembly (174ms)
			ScanForSourceGeneratedMonoScriptInfo (0ms)
			ResolveRequiredComponents (0ms)
	FinalizeReload (404ms)
		ReleaseScriptCaches (0ms)
		RebuildScriptCaches (0ms)
		SetupLoadedEditorAssemblies (339ms)
			LogAssemblyErrors (0ms)
			InitializePlatformSupportModulesInManaged (15ms)
			SetLoadedEditorAssemblies (7ms)
			RefreshPlugins (0ms)
			BeforeProcessingInitializeOnLoad (3ms)
			ProcessInitializeOnLoadAttributes (240ms)
			ProcessInitializeOnLoadMethodAttributes (74ms)
			AfterProcessingInitializeOnLoad (0ms)
			EditorAssembliesLoaded (0ms)
		ExecutionOrderSort2 (0ms)
		AwakeInstancesAfterBackupRestoration (0ms)
========================================================================
Worker process is ready to serve import requests
Caller must complete domain reload
Begin MonoManager ReloadAssembly
- Loaded All Assemblies, in  1.156 seconds
Native extension for UWP target not found
Native extension for WindowsStandalone target not found
Package Manager log level set to [2]
[Package Manager] Server::EnsureServerProcessIsRunning -- launch failed, reason: Unity was launched with the -noUpm command-line argument
[Package Manager] UpmClient::Send -- Unable to send message (not connected to UPM process).
[Package Manager] Cannot connect to Unity Package Manager local server
Mono: successfully reloaded assembly
[Package Manager] Server::EnsureServerProcessIsRunning -- launch failed, reason: Unity was launched with the -noUpm command-line argument
[Package Manager] UpmClient::Send -- Unable to send message (not connected to UPM process).
[Package Manager] Cannot connect to Unity Package Manager local server
[Package Manager] Server::EnsureServerProcessIsRunning -- launch failed, reason: Unity was launched with the -noUpm command-line argument
[Package Manager] UpmClient::Send -- Unable to send message (not connected to UPM process).
[Package Manager] Cannot connect to Unity Package Manager local server
- Finished resetting the current domain, in  1.255 seconds
Domain Reload Profiling: 2407ms
	BeginReloadAssembly (205ms)
		ExecutionOrderSort (0ms)
		DisableScriptedObjects (7ms)
		BackupInstance (0ms)
		ReleaseScriptingObjects (0ms)
		CreateAndSetChildDomain (32ms)
	RebuildCommonClasses (44ms)
	RebuildNativeTypeToScriptingClass (15ms)
	initialDomainReloadingComplete (56ms)
	LoadAllAssembliesAndSetupDomain (831ms)
		LoadAssemblies (504ms)
		RebuildTransferFunctionScriptingTraits (0ms)
		AnalyzeDomain (445ms)
			TypeCache.Refresh (357ms)
				TypeCache.ScanAssembly (326ms)
			ScanForSourceGeneratedMonoScriptInfo (58ms)
			ResolveRequiredComponents (26ms)
	FinalizeReload (1255ms)
		ReleaseScriptCaches (0ms)
		RebuildScriptCaches (0ms)
		SetupLoadedEditorAssemblies (992ms)
			LogAssemblyErrors (0ms)
			InitializePlatformSupportModulesInManaged (9ms)
			SetLoadedEditorAssemblies (9ms)
			RefreshPlugins (0ms)
			BeforeProcessingInitializeOnLoad (154ms)
			ProcessInitializeOnLoadAttributes (642ms)
			ProcessInitializeOnLoadMethodAttributes (168ms)
			AfterProcessingInitializeOnLoad (10ms)
			EditorAssembliesLoaded (0ms)
		ExecutionOrderSort2 (0ms)
		AwakeInstancesAfterBackupRestoration (10ms)
Launched and connected shader compiler UnityShaderCompiler.exe after 0.06 seconds
Refreshing native plugins compatible for Editor in 30.16 ms, found 17 plugins.
Preloading 0 native plugins for Editor in 0.00 ms.
Unloading 7649 Unused Serialized files (Serialized files now loaded: 0)
Unloading 122 unused Assets / (4.0 MB). Loaded Objects now: 8082.
Memory consumption went from 287.3 MB to 283.4 MB.
Total: 17.505000 ms (FindLiveObjects: 1.656000 ms CreateObjectMapping: 1.432300 ms MarkObjects: 11.270500 ms  DeleteObjects: 3.144100 ms)

AssetImportParameters requested are different than current active one (requested -> active):
  custom:container-demuxer-ogg: 62fdf1f143b41e24485cea50d1cbac27 -> 
  custom:scripting/monoscript/fileName/move.cs: 121b68ccfe6d02c4399c017d8a811323 -> 7c0f557a2ae3f1ce83d325216f3cc588
  custom:framework-win-MediaFoundation: 216162199b28c13a410421893ffa2e32 -> 
  custom:scripting/monoscript/fileName/scores.cs: 8d090ca03901ccb75ce3e481a176e711 -> 83dbbe261889b21ae5c4bdc452a5c269
  custom:scripting/monoscript/fileName/disp1b.cs: ed8ca75dceab7f1eba01929a9f54958c -> 2ab7dac7e849a1deddeabd9b943a175c
  custom:container-muxer-webm: aa71ff27fc2769a1b78a27578f13a17b -> 
  custom:video-decoder-webm-vp8: 9c59270c3fd7afecdb556c50c9e8de78 -> 
  custom:SearchIndexIgnoredProperties: e643bd26f0fe6173181afceb89e7c659 -> 
  custom:AudioImporter_EditorPlatform: d09bf68614088b80899f8185d706f6e7 -> 
  custom:scripting/monoscript/fileName/disp.cs: 25a171893c12fc800ae198c4524ac52f -> 2a41e184c7037b7026e47bd61770b697
  custom:audio-decoder-ogg-vorbis: bf7c407c2cedff20999df2af8eb42d56 -> 
  custom:audio-encoder-webm-vorbis: bf7c407c2cedff20999df2af8eb42d56 -> 
  custom:scripting/monoscript/fileName/win.cs: 8a4cfd0385c784b2c8edcdc10f145ae3 -> 3c634dff2915517022f60480d3bc95fc
  custom:video-codec-MediaFoundation-h265: 746d11721c4dcdbdad8f713fa42b33f4 -> 
  custom:scripting/monoscript/fileName/button.cs: d2ac04e06054b6b270e6094ec1287429 -> c8ddaf2c1b8226c7b98205e47a5cfb21
  custom:video-decoder-ogg-theora: a1e56fd34408186e4bbccfd4996cb3dc -> 
  custom:CustomObjectIndexerAttribute: 3ead1caaecf1c488f20bcfeb224b6af5 -> 
  custom:container-demuxer-webm: 4f35f7cbe854078d1ac9338744f61a02 -> 
  custom:scripting/monoscript/fileName/win1.cs: d6883c713f87151b9e01c1d2a794ce83 -> 63508499c1b7238b5760cf99c1ca5900
  custom:scripting/monoscript/fileName/button1.cs: df1dda8d95e91ed6e976b6183f526cd3 -> ca7082d4221ad6d9b6ce3cb6c04cd382
  custom:video-encoder-webm-vp8: eb34c28f22e8b96e1ab97ce403110664 -> 
  custom:scripting/monoscript/fileName/scores1B.cs: 95eebb3a1b3e81fdeb74ccbcfc849bc3 -> ef93d9e6506cf15985ae536dd6e64e71
  custom:scripting/monoscript/fileName/movebike.cs: cd0e87a84255ff854721dc050683337c -> 6e02d77cd9700d0614ea74a6f6bf6a1d
========================================================================
Received Import Request.
  Time since last request: 337293.360666 seconds.
  path: Assets/UnityTechnologies/ParticlePack/Shared/Environment/Models/AreaLine.fbx
  artifactKey: Guid(534f375dff9795c4baa527015ef28ddb) Importer(815301076,1909f56bfc062723c751e8b465ee728b)
Start importing Assets/UnityTechnologies/ParticlePack/Shared/Environment/Models/AreaLine.fbx using Guid(534f375dff9795c4baa527015ef28ddb) Importer(815301076,1909f56bfc062723c751e8b465ee728b) [PhysX] Initialized MultithreadedTaskDispatcher with 40 workers.
[PhysX] Initialized MultithreadedTaskDispatcher with 40 workers.
[PhysX] Initialized MultithreadedTaskDispatcher with 40 workers.
 -> (artifact id: '6fa4cf586bb4f88c3cda7ea7bdd5e691') in 0.190069 seconds
Number of updated asset objects reloaded before import = 0
Number of asset objects unloaded after import = 10
========================================================================
Received Import Request.
  Time since last request: 17.586072 seconds.
  path: Assets/SimplePoly City - Low Poly Assets/Prefab/Buildings/Building Sky_big_color01.prefab
  artifactKey: Guid(22106dc63dce41746ad234a91af2d657) Importer(815301076,1909f56bfc062723c751e8b465ee728b)
Start importing Assets/SimplePoly City - Low Poly Assets/Prefab/Buildings/Building Sky_big_color01.prefab using Guid(22106dc63dce41746ad234a91af2d657) Importer(815301076,1909f56bfc062723c751e8b465ee728b) [PhysX] Initialized MultithreadedTaskDispatcher with 40 workers.
[PhysX] Initialized MultithreadedTaskDispatcher with 40 workers.
 -> (artifact id: 'd739767e5e1eceda937c82a40de1fbd3') in 0.150001 seconds
Number of updated asset objects reloaded before import = 0
Number of asset objects unloaded after import = 9
========================================================================
Received Import Request.
  Time since last request: 0.000024 seconds.
  path: Assets/SimplePoly City - Low Poly Assets/Prefab/Buildings/Building Sky_small_color02.prefab
  artifactKey: Guid(cc0981408e7c8db4f9f80a57938fd5e3) Importer(815301076,1909f56bfc062723c751e8b465ee728b)
Start importing Assets/SimplePoly City - Low Poly Assets/Prefab/Buildings/Building Sky_small_color02.prefab using Guid(cc0981408e7c8db4f9f80a57938fd5e3) Importer(815301076,1909f56bfc062723c751e8b465ee728b) [PhysX] Initialized MultithreadedTaskDispatcher with 40 workers.
[PhysX] Initialized MultithreadedTaskDispatcher with 40 workers.
 -> (artifact id: '4669c8ab223084e91b29f838b2691ade') in 0.020211 seconds
Number of updated asset objects reloaded before import = 0
Number of asset objects unloaded after import = 9
========================================================================
Received Import Request.
  Time since last request: 0.000036 seconds.
  path: Assets/SimplePoly City - Low Poly Assets/Prefab/Buildings/Building Sky_small_color03.prefab
  artifactKey: Guid(35807f23e7899e541b60b2fb2bbb51ef) Importer(815301076,1909f56bfc062723c751e8b465ee728b)
Start importing Assets/SimplePoly City - Low Poly Assets/Prefab/Buildings/Building Sky_small_color03.prefab using Guid(35807f23e7899e541b60b2fb2bbb51ef) Importer(815301076,1909f56bfc062723c751e8b465ee728b) [PhysX] Initialized MultithreadedTaskDispatcher with 40 workers.
[PhysX] Initialized MultithreadedTaskDispatcher with 40 workers.
 -> (artifact id: 'e8aebe5e6e445d71708c8b6d81916110') in 0.019600 seconds
Number of updated asset objects reloaded before import = 0
Number of asset objects unloaded after import = 9
========================================================================
Received Import Request.
  Time since last request: 0.000027 seconds.
  path: Assets/SimplePoly City - Low Poly Assets/Prefab/Buildings/Building Sky_big_color03.prefab
  artifactKey: Guid(1d3fc70685d97b748ac1264d8da02551) Importer(815301076,1909f56bfc062723c751e8b465ee728b)
Start importing Assets/SimplePoly City - Low Poly Assets/Prefab/Buildings/Building Sky_big_color03.prefab using Guid(1d3fc70685d97b748ac1264d8da02551) Importer(815301076,1909f56bfc062723c751e8b465ee728b) [PhysX] Initialized MultithreadedTaskDispatcher with 40 workers.
[PhysX] Initialized MultithreadedTaskDispatcher with 40 workers.
 -> (artifact id: '4e5fc6b8e82d07558238a08b83a1a665') in 0.019677 seconds
Number of updated asset objects reloaded before import = 0
Number of asset objects unloaded after import = 9
========================================================================
Received Import Request.
  Time since last request: 0.083216 seconds.
  path: Assets/SimplePoly City - Low Poly Assets/Models/Natures_Big Tree.fbx
  artifactKey: Guid(b8b93a0c79396d54ea72d1eecb7bf246) Importer(815301076,1909f56bfc062723c751e8b465ee728b)
Start importing Assets/SimplePoly City - Low Poly Assets/Models/Natures_Big Tree.fbx using Guid(b8b93a0c79396d54ea72d1eecb7bf246) Importer(815301076,1909f56bfc062723c751e8b465ee728b) [PhysX] Initialized MultithreadedTaskDispatcher with 40 workers.
[PhysX] Initialized MultithreadedTaskDispatcher with 40 workers.
[PhysX] Initialized MultithreadedTaskDispatcher with 40 workers.
 -> (artifact id: '74f0072c94453295e5af4f60840ce2b8') in 0.024241 seconds
Number of updated asset objects reloaded before import = 0
Number of asset objects unloaded after import = 9
========================================================================
Received Import Request.
  Time since last request: 0.000021 seconds.
  path: Assets/SimplePoly City - Low Poly Assets/Prefab/Natures/Natures_Pot Bush_big.prefab
  artifactKey: Guid(0ee6d569ec3227e40888e8151b331e0f) Importer(815301076,1909f56bfc062723c751e8b465ee728b)
Start importing Assets/SimplePoly City - Low Poly Assets/Prefab/Natures/Natures_Pot Bush_big.prefab using Guid(0ee6d569ec3227e40888e8151b331e0f) Importer(815301076,1909f56bfc062723c751e8b465ee728b) [PhysX] Initialized MultithreadedTaskDispatcher with 40 workers.
[PhysX] Initialized MultithreadedTaskDispatcher with 40 workers.
 -> (artifact id: '489a61613d7842b9bac24ecf2267f29b') in 0.017573 seconds
Number of updated asset objects reloaded before import = 0
Number of asset objects unloaded after import = 9
========================================================================
Received Import Request.
  Time since last request: 0.000025 seconds.
  path: Assets/SimplePoly City - Low Poly Assets/Models/Props_Traffic Signal_big.fbx
  artifactKey: Guid(773c211b627e8c648b96743ec461a88f) Importer(815301076,1909f56bfc062723c751e8b465ee728b)
Start importing Assets/SimplePoly City - Low Poly Assets/Models/Props_Traffic Signal_big.fbx using Guid(773c211b627e8c648b96743ec461a88f) Importer(815301076,1909f56bfc062723c751e8b465ee728b) [PhysX] Initialized MultithreadedTaskDispatcher with 40 workers.
[PhysX] Initialized MultithreadedTaskDispatcher with 40 workers.
[PhysX] Initialized MultithreadedTaskDispatcher with 40 workers.
 -> (artifact id: '2684258748400719a045663acc98c668') in 0.025962 seconds
Number of updated asset objects reloaded before import = 0
Number of asset objects unloaded after import = 9
========================================================================
Received Import Request.
  Time since last request: 0.000047 seconds.
  path: Assets/SimplePoly City - Low Poly Assets/Prefab/Props/Props_Traffic Signal_big.prefab
  artifactKey: Guid(d4cfcf659200d7548b90a5580c3ab18f) Importer(815301076,1909f56bfc062723c751e8b465ee728b)
Start importing Assets/SimplePoly City - Low Poly Assets/Prefab/Props/Props_Traffic Signal_big.prefab using Guid(d4cfcf659200d7548b90a5580c3ab18f) Importer(815301076,1909f56bfc062723c751e8b465ee728b) [PhysX] Initialized MultithreadedTaskDispatcher with 40 workers.
[PhysX] Initialized MultithreadedTaskDispatcher with 40 workers.
 -> (artifact id: '02d56e414eed703567f8b2361ffec1f5') in 0.019229 seconds
Number of updated asset objects reloaded before import = 0
Number of asset objects unloaded after import = 9
========================================================================
Received Import Request.
  Time since last request: 18.516970 seconds.
  path: Assets/SimplePoly City - Low Poly Assets/Models/Building_Bakery.fbx
  artifactKey: Guid(ea9803764c3c1e74b83f6dda1cfa0885) Importer(815301076,1909f56bfc062723c751e8b465ee728b)
Start importing Assets/SimplePoly City - Low Poly Assets/Models/Building_Bakery.fbx using Guid(ea9803764c3c1e74b83f6dda1cfa0885) Importer(815301076,1909f56bfc062723c751e8b465ee728b) [PhysX] Initialized MultithreadedTaskDispatcher with 40 workers.
[PhysX] Initialized MultithreadedTaskDispatcher with 40 workers.
[PhysX] Initialized MultithreadedTaskDispatcher with 40 workers.
 -> (artifact id: 'a86a0b9a4e8358889817106e4704cd73') in 0.026102 seconds
Number of updated asset objects reloaded before import = 0
Number of asset objects unloaded after import = 9
========================================================================
Received Import Request.
  Time since last request: 2.158430 seconds.
  path: Assets/SimplePoly City - Low Poly Assets/Models/Building_Books Shop.fbx
  artifactKey: Guid(2c2dcc3c02224de46b4813f3110dca1f) Importer(815301076,1909f56bfc062723c751e8b465ee728b)
Start importing Assets/SimplePoly City - Low Poly Assets/Models/Building_Books Shop.fbx using Guid(2c2dcc3c02224de46b4813f3110dca1f) Importer(815301076,1909f56bfc062723c751e8b465ee728b) [PhysX] Initialized MultithreadedTaskDispatcher with 40 workers.
[PhysX] Initialized MultithreadedTaskDispatcher with 40 workers.
[PhysX] Initialized MultithreadedTaskDispatcher with 40 workers.
 -> (artifact id: 'f4cef55c11debecd56602d56d2a8416c') in 0.024696 seconds
Number of updated asset objects reloaded before import = 0
Number of asset objects unloaded after import = 9
========================================================================
Received Import Request.
  Time since last request: 0.000023 seconds.
  path: Assets/SimplePoly City - Low Poly Assets/Prefab/Buildings/Building_Drug Store.prefab
  artifactKey: Guid(5dd9f8de2583df543859013bcdc56639) Importer(815301076,1909f56bfc062723c751e8b465ee728b)
Start importing Assets/SimplePoly City - Low Poly Assets/Prefab/Buildings/Building_Drug Store.prefab using Guid(5dd9f8de2583df543859013bcdc56639) Importer(815301076,1909f56bfc062723c751e8b465ee728b) [PhysX] Initialized MultithreadedTaskDispatcher with 40 workers.
[PhysX] Initialized MultithreadedTaskDispatcher with 40 workers.
 -> (artifact id: 'c3e4629c70edea9a96fd0378318d5953') in 0.019939 seconds
Number of updated asset objects reloaded before import = 0
Number of asset objects unloaded after import = 9
========================================================================
Received Import Request.
  Time since last request: 0.000028 seconds.
  path: Assets/SimplePoly City - Low Poly Assets/Prefab/Buildings/Building_Coffee Shop.prefab
  artifactKey: Guid(e1d9101af5d96d94ca99efe2de0bac21) Importer(815301076,1909f56bfc062723c751e8b465ee728b)
Start importing Assets/SimplePoly City - Low Poly Assets/Prefab/Buildings/Building_Coffee Shop.prefab using Guid(e1d9101af5d96d94ca99efe2de0bac21) Importer(815301076,1909f56bfc062723c751e8b465ee728b) [PhysX] Initialized MultithreadedTaskDispatcher with 40 workers.
[PhysX] Initialized MultithreadedTaskDispatcher with 40 workers.
 -> (artifact id: '79e8e2389bde6a173bfba3ada67ab991') in 0.020686 seconds
Number of updated asset objects reloaded before import = 0
Number of asset objects unloaded after import = 9
========================================================================
Received Import Request.
  Time since last request: 1.328210 seconds.
  path: Assets/SimplePoly City - Low Poly Assets/Models/Props_Traffic Sign_speed limit.fbx
  artifactKey: Guid(0954ad29f79c9c045bc4a3317ef3f978) Importer(815301076,1909f56bfc062723c751e8b465ee728b)
Start importing Assets/SimplePoly City - Low Poly Assets/Models/Props_Traffic Sign_speed limit.fbx using Guid(0954ad29f79c9c045bc4a3317ef3f978) Importer(815301076,1909f56bfc062723c751e8b465ee728b) [PhysX] Initialized MultithreadedTaskDispatcher with 40 workers.
[PhysX] Initialized MultithreadedTaskDispatcher with 40 workers.
[PhysX] Initialized MultithreadedTaskDispatcher with 40 workers.
 -> (artifact id: 'b5395b0d3ae7d3637865aebb6110a515') in 0.023536 seconds
Number of updated asset objects reloaded before import = 0
Number of asset objects unloaded after import = 9
========================================================================
Received Import Request.
  Time since last request: 0.004708 seconds.
  path: Assets/UnityTechnologies/ParticlePack/Shared/Environment/Models/SmallLight.fbx
  artifactKey: Guid(7469d4eaf5d47b246b3501c892dd5292) Importer(815301076,1909f56bfc062723c751e8b465ee728b)
Start importing Assets/UnityTechnologies/ParticlePack/Shared/Environment/Models/SmallLight.fbx using Guid(7469d4eaf5d47b246b3501c892dd5292) Importer(815301076,1909f56bfc062723c751e8b465ee728b) [PhysX] Initialized MultithreadedTaskDispatcher with 40 workers.
[PhysX] Initialized MultithreadedTaskDispatcher with 40 workers.
[PhysX] Initialized MultithreadedTaskDispatcher with 40 workers.
 -> (artifact id: '64d2816c98e5ce60737862cc3f71df33') in 0.048525 seconds
Number of updated asset objects reloaded before import = 0
Number of asset objects unloaded after import = 11
========================================================================
Received Import Request.
  Time since last request: 0.000025 seconds.
  path: Assets/Traffic Lights System/Prefabs/RealTrafficLight.prefab
  artifactKey: Guid(9d0e576ca27d0244da05ddfb4351aca3) Importer(815301076,1909f56bfc062723c751e8b465ee728b)
Start importing Assets/Traffic Lights System/Prefabs/RealTrafficLight.prefab using Guid(9d0e576ca27d0244da05ddfb4351aca3) Importer(815301076,1909f56bfc062723c751e8b465ee728b) [PhysX] Initialized MultithreadedTaskDispatcher with 40 workers.
[PhysX] Initialized MultithreadedTaskDispatcher with 40 workers.
 -> (artifact id: 'cdd358c8bcf484b64c754bc7145f03fd') in 0.330826 seconds
Number of updated asset objects reloaded before import = 0
Number of asset objects unloaded after import = 50
========================================================================
Received Import Request.
  Time since last request: 32.291919 seconds.
  path: Assets/SimplePoly City - Low Poly Assets/Models/Props_BillBoard_small.fbx
  artifactKey: Guid(98b9127e094001849abe00d6ae4f1c85) Importer(815301076,1909f56bfc062723c751e8b465ee728b)
Start importing Assets/SimplePoly City - Low Poly Assets/Models/Props_BillBoard_small.fbx using Guid(98b9127e094001849abe00d6ae4f1c85) Importer(815301076,1909f56bfc062723c751e8b465ee728b) [PhysX] Initialized MultithreadedTaskDispatcher with 40 workers.
[PhysX] Initialized MultithreadedTaskDispatcher with 40 workers.
[PhysX] Initialized MultithreadedTaskDispatcher with 40 workers.
 -> (artifact id: '56abe7620180ed18660796037f1c2bb6') in 0.028287 seconds
Number of updated asset objects reloaded before import = 0
Number of asset objects unloaded after import = 9
========================================================================
Received Import Request.
  Time since last request: 9.197101 seconds.
  path: Assets/SimplePoly City - Low Poly Assets/Models/Building_Fruits  Shop.fbx
  artifactKey: Guid(0f5d2e6533e3fb44fbd094c173ba3f32) Importer(815301076,1909f56bfc062723c751e8b465ee728b)
Start importing Assets/SimplePoly City - Low Poly Assets/Models/Building_Fruits  Shop.fbx using Guid(0f5d2e6533e3fb44fbd094c173ba3f32) Importer(815301076,1909f56bfc062723c751e8b465ee728b) [PhysX] Initialized MultithreadedTaskDispatcher with 40 workers.
[PhysX] Initialized MultithreadedTaskDispatcher with 40 workers.
[PhysX] Initialized MultithreadedTaskDispatcher with 40 workers.
 -> (artifact id: '6455c897c441cb49a7af9414a9962b77') in 0.031696 seconds
Number of updated asset objects reloaded before import = 0
Number of asset objects unloaded after import = 9
========================================================================
Received Import Request.
  Time since last request: 0.010773 seconds.
  path: Assets/Industrial Props/Prefabs/Fence.prefab
  artifactKey: Guid(b39d34f9ee12e3d4f8a61720146b7939) Importer(815301076,1909f56bfc062723c751e8b465ee728b)
Start importing Assets/Industrial Props/Prefabs/Fence.prefab using Guid(b39d34f9ee12e3d4f8a61720146b7939) Importer(815301076,1909f56bfc062723c751e8b465ee728b) [PhysX] Initialized MultithreadedTaskDispatcher with 40 workers.
[PhysX] Initialized MultithreadedTaskDispatcher with 40 workers.
 -> (artifact id: 'a123f7fcee9a3de9bddf89d96b5179ac') in 0.020327 seconds
Number of updated asset objects reloaded before import = 0
Number of asset objects unloaded after import = 50
========================================================================
Received Import Request.
  Time since last request: 0.017125 seconds.
  path: Assets/UnityTechnologies/ParticlePack/EffectExamples/Weapon Effects/Prefabs/FleshImpacts.prefab
  artifactKey: Guid(24b82347924701148a13c746edfb6b22) Importer(815301076,1909f56bfc062723c751e8b465ee728b)
Start importing Assets/UnityTechnologies/ParticlePack/EffectExamples/Weapon Effects/Prefabs/FleshImpacts.prefab using Guid(24b82347924701148a13c746edfb6b22) Importer(815301076,1909f56bfc062723c751e8b465ee728b) [PhysX] Initialized MultithreadedTaskDispatcher with 40 workers.
[PhysX] Initialized MultithreadedTaskDispatcher with 40 workers.
 -> (artifact id: '2936ea16c5b087e68cce380f07d16670') in 0.118952 seconds
Number of updated asset objects reloaded before import = 0
Number of asset objects unloaded after import = 34
========================================================================
Received Import Request.
  Time since last request: 0.789017 seconds.
  path: Assets/UnityTechnologies/ParticlePack/Shared/Environment/Prefabs/FloorTiny.prefab
  artifactKey: Guid(8e1da52275f7dd14982d99253940530e) Importer(815301076,1909f56bfc062723c751e8b465ee728b)
Start importing Assets/UnityTechnologies/ParticlePack/Shared/Environment/Prefabs/FloorTiny.prefab using Guid(8e1da52275f7dd14982d99253940530e) Importer(815301076,1909f56bfc062723c751e8b465ee728b) [PhysX] Initialized MultithreadedTaskDispatcher with 40 workers.
[PhysX] Initialized MultithreadedTaskDispatcher with 40 workers.
 -> (artifact id: '7cb3bd7434d0c577917dac51c1ab1ad9') in 0.083454 seconds
Number of updated asset objects reloaded before import = 0
Number of asset objects unloaded after import = 13
========================================================================
Received Import Request.
  Time since last request: 38.858487 seconds.
  path: Assets/Tarbo-CITY-TrafficLights/Meshes/TB_CITY_Prop_TrafficLight_VSet_White.FBX
  artifactKey: Guid(3a8998b79471bef4c9d1571eec3a9c58) Importer(815301076,1909f56bfc062723c751e8b465ee728b)
Start importing Assets/Tarbo-CITY-TrafficLights/Meshes/TB_CITY_Prop_TrafficLight_VSet_White.FBX using Guid(3a8998b79471bef4c9d1571eec3a9c58) Importer(815301076,1909f56bfc062723c751e8b465ee728b) [PhysX] Initialized MultithreadedTaskDispatcher with 40 workers.
[PhysX] Initialized MultithreadedTaskDispatcher with 40 workers.
[PhysX] Initialized MultithreadedTaskDispatcher with 40 workers.
 -> (artifact id: '5c93266d611e1a3138958c630ba7848e') in 0.027154 seconds
Number of updated asset objects reloaded before import = 0
Number of asset objects unloaded after import = 8
========================================================================
Received Import Request.
  Time since last request: 0.000027 seconds.
  path: Assets/StylizedTrafficCone/Prefab/Traffic_Cone.prefab
  artifactKey: Guid(91f52158c9778b8449097ce986f1b0b3) Importer(815301076,1909f56bfc062723c751e8b465ee728b)
Start importing Assets/StylizedTrafficCone/Prefab/Traffic_Cone.prefab using Guid(91f52158c9778b8449097ce986f1b0b3) Importer(815301076,1909f56bfc062723c751e8b465ee728b) [PhysX] Initialized MultithreadedTaskDispatcher with 40 workers.
[PhysX] Initialized MultithreadedTaskDispatcher with 40 workers.
 -> (artifact id: 'edbb0b17787f139087f31a0151e8d24d') in 0.085936 seconds
Number of updated asset objects reloaded before import = 0
Number of asset objects unloaded after import = 13
========================================================================
Received Import Request.
  Time since last request: 0.000030 seconds.
  path: Assets/Traffic Lights System/Prefabs/TL_PostWithLights.prefab
  artifactKey: Guid(856747ac5e7d8ae419bebaab7dec1ee7) Importer(815301076,1909f56bfc062723c751e8b465ee728b)
Start importing Assets/Traffic Lights System/Prefabs/TL_PostWithLights.prefab using Guid(856747ac5e7d8ae419bebaab7dec1ee7) Importer(815301076,1909f56bfc062723c751e8b465ee728b) [PhysX] Initialized MultithreadedTaskDispatcher with 40 workers.
[PhysX] Initialized MultithreadedTaskDispatcher with 40 workers.
 -> (artifact id: 'ff0194cd58449a6f45be337edfea7369') in 0.036295 seconds
Number of updated asset objects reloaded before import = 0
Number of asset objects unloaded after import = 79
========================================================================
Received Import Request.
  Time since last request: 0.000046 seconds.
  path: Assets/Traffic Lights System/Prefabs/TL_CrossRoad2x.prefab
  artifactKey: Guid(1d50b2f9e77a44e4f8f6a683c95b44fa) Importer(815301076,1909f56bfc062723c751e8b465ee728b)
Start importing Assets/Traffic Lights System/Prefabs/TL_CrossRoad2x.prefab using Guid(1d50b2f9e77a44e4f8f6a683c95b44fa) Importer(815301076,1909f56bfc062723c751e8b465ee728b) [PhysX] Initialized MultithreadedTaskDispatcher with 40 workers.
[PhysX] Initialized MultithreadedTaskDispatcher with 40 workers.
 -> (artifact id: '3a5fe1fdcb90f3a89169390ce0862b9f') in 0.370378 seconds
Number of updated asset objects reloaded before import = 0
Number of asset objects unloaded after import = 21
========================================================================
Received Import Request.
  Time since last request: 5.691450 seconds.
  path: Assets/Flat_Style_Vehicles/Prefabs/Vehicles_interior/vehicle3_interior_5.prefab
  artifactKey: Guid(a28b8e7bf52d0494b9369caaefc6bc87) Importer(815301076,1909f56bfc062723c751e8b465ee728b)
Start importing Assets/Flat_Style_Vehicles/Prefabs/Vehicles_interior/vehicle3_interior_5.prefab using Guid(a28b8e7bf52d0494b9369caaefc6bc87) Importer(815301076,1909f56bfc062723c751e8b465ee728b) [PhysX] Initialized MultithreadedTaskDispatcher with 40 workers.
[PhysX] Initialized MultithreadedTaskDispatcher with 40 workers.
 -> (artifact id: 'f67b493720178c8fb16609f662e0b2d1') in 0.033802 seconds
Number of updated asset objects reloaded before import = 0
Number of asset objects unloaded after import = 69
========================================================================
Received Import Request.
  Time since last request: 35.074423 seconds.
  path: Assets/UnityTechnologies/ParticlePack/Shared/Environment/Models/LongOverhangWall.fbx
  artifactKey: Guid(8e725cb41275efd4b90ded8d12a97e28) Importer(815301076,1909f56bfc062723c751e8b465ee728b)
Start importing Assets/UnityTechnologies/ParticlePack/Shared/Environment/Models/LongOverhangWall.fbx using Guid(8e725cb41275efd4b90ded8d12a97e28) Importer(815301076,1909f56bfc062723c751e8b465ee728b) [PhysX] Initialized MultithreadedTaskDispatcher with 40 workers.
[PhysX] Initialized MultithreadedTaskDispatcher with 40 workers.
[PhysX] Initialized MultithreadedTaskDispatcher with 40 workers.
[PhysX] Initialized MultithreadedTaskDispatcher with 40 workers.
[PhysX] Initialized MultithreadedTaskDispatcher with 40 workers.
[PhysX] Initialized MultithreadedTaskDispatcher with 40 workers.
 -> (artifact id: '09b731a64d213d7ff14986c7bf28f398') in 0.086447 seconds
Number of updated asset objects reloaded before import = 0
Number of asset objects unloaded after import = 25
Editor requested this worker to shutdown with reason: Scaling down because of idle timeout
TcpMessagingSession - receive error: operation aborted. errorcode: 995, details: L’opération d’entrée/sortie a été abandonnée en raison de l’arrêt d’un thread ou à la demande d’une application.
AssetImportWorker is now disconnected from the server
Process exiting
Exiting without the bug reporter. Application will terminate with return code 0